<?xml version="1.0" encoding="UTF-8"?>
<!-- Generated by org.testng.reporters.JUnitReportReporter -->
<testsuite skipped="0" hostname="DESKTOP-9DI402V" name="framework.LinkedList" tests="1" failures="0" timestamp="2022-03-18T17:52:17 IST" time="0.013" errors="0">
  <testcase name="test1" time="0.013" classname="framework.LinkedList"/>
  <system-out/>
</testsuite> <!-- framework.LinkedList -->
