<?xml version="1.0" encoding="UTF-8"?>
<!-- Generated by org.testng.reporters.JUnitReportReporter -->
<testsuite skipped="0" hostname="DESKTOP-9DI402V" name="xyz.abc" tests="1" failures="0" timestamp="2022-03-17T21:44:05 IST" time="0.009" errors="0">
  <testcase name="test1" time="0.009" classname="xyz.abc"/>
  <system-out/>
</testsuite> <!-- xyz.abc -->
