<?xml version="1.0" encoding="UTF-8"?>
<!-- Generated by org.testng.reporters.JUnitReportReporter -->
<testsuite skipped="0" hostname="DESKTOP-9DI402V" name="framework.set" tests="5" failures="0" timestamp="2022-03-20T21:02:12 IST" time="0.024" errors="0">
  <testcase name="test1" time="0.018" classname="framework.set"/>
  <system-out/>
  <testcase name="test2" time="0.001" classname="framework.set"/>
  <system-out/>
  <testcase name="test3" time="0.002" classname="framework.set"/>
  <system-out/>
  <testcase name="test4" time="0.002" classname="framework.set"/>
  <system-out/>
  <testcase name="test5" time="0.001" classname="framework.set"/>
  <system-out/>
</testsuite> <!-- framework.set -->
