<?xml version="1.0" encoding="UTF-8"?>
<!-- Generated by org.testng.reporters.JUnitReportReporter -->
<testsuite skipped="0" hostname="DESKTOP-9DI402V" name="framework.list" tests="1" failures="0" timestamp="2022-03-17T22:13:14 IST" time="0.021" errors="0">
  <testcase name="test1" time="0.021" classname="framework.list"/>
  <system-out/>
</testsuite> <!-- framework.list -->
