<?xml version="1.0" encoding="UTF-8"?>
<!-- Generated by org.testng.reporters.JUnitReportReporter -->
<testsuite skipped="0" hostname="DESKTOP-9DI402V" name="framework.priorityqueue" tests="2" failures="0" timestamp="2022-03-18T18:17:25 IST" time="0.018" errors="0">
  <testcase name="test1" time="0.016" classname="framework.priorityqueue"/>
  <system-out/>
  <testcase name="test2" time="0.002" classname="framework.priorityqueue"/>
  <system-out/>
</testsuite> <!-- framework.priorityqueue -->
