<?xml version="1.0" encoding="UTF-8"?>
<!-- Generated by org.testng.reporters.JUnitReportReporter -->
<testsuite skipped="0" hostname="DESKTOP-9DI402V" name="framework.map" tests="5" failures="0" timestamp="2022-03-17T22:49:30 IST" time="0.026" errors="0">
  <testcase name="test1" time="0.017" classname="framework.map"/>
  <system-out/>
  <testcase name="test2" time="0.002" classname="framework.map"/>
  <system-out/>
  <testcase name="test3" time="0.002" classname="framework.map"/>
  <system-out/>
  <testcase name="test4" time="0.003" classname="framework.map"/>
  <system-out/>
  <testcase name="test5" time="0.002" classname="framework.map"/>
  <system-out/>
</testsuite> <!-- framework.map -->
