<?xml version="1.0" encoding="UTF-8"?>
<!-- Generated by org.testng.reporters.JUnitReportReporter -->
<testsuite skipped="0" hostname="DESKTOP-9DI402V" name="framework.set" tests="4" failures="0" timestamp="2022-03-17T22:23:00 IST" time="0.030" errors="0">
  <testcase name="test1" time="0.020" classname="framework.set"/>
  <system-out/>
  <testcase name="test2" time="0.003" classname="framework.set"/>
  <system-out/>
  <testcase name="test3" time="0.003" classname="framework.set"/>
  <system-out/>
  <testcase name="test4" time="0.004" classname="framework.set"/>
  <system-out/>
</testsuite> <!-- framework.set -->
